<?xml version="1.0" encoding="UTF-8"?>
<!-- Generated by org.testng.reporters.JUnitXMLReporter -->
<testsuite ignored="1" hostname="DESKTOP-M4O5OHL" failures="1" tests="3" name="ErrorValidation" time="37.004" errors="0" timestamp="2024-11-02T19:20:12 IST">
  <testcase classname="seleniumframework.ErrorValidationTest" name="ProductErrorValidation" time="4.383"/>
  <testcase classname="seleniumframework.ErrorValidationTest" name="loginErrorValiation" time="0.85">
    <failure type="java.lang.AssertionError" message="expected [] but found [Incorrect email password.]">
      <![CDATA[java.lang.AssertionError: expected [] but found [Incorrect email password.]
at seleniumframework.ErrorValidationTest.loginErrorValiation(ErrorValidationTest.java:49)
at java.base/java.util.ArrayList.forEach(ArrayList.java:1597)
... Removed 31 stack frames]]>
    </failure>
  </testcase> <!-- loginErrorValiation -->
  <testcase classname="seleniumframework.SubmitOrderTest" name="OrderHistoryValidation" time="1.563"/>
  <testcase classname="seleniumframework.SubmitOrderTest" name="submitOrder" time="0.0">
    <ignored/>
  </testcase> <!-- submitOrder -->
</testsuite> <!-- ErrorValidation -->
